# JRE version: OpenJDK Runtime Environment (21.0.3) (build 21.0.3+-12282718-b509.11)
# Java VM: OpenJDK 64-Bit Server VM (21.0.3+-12282718-b509.11, mixed mode, tiered, compressed oops, compressed class ptrs, g1 gc, windows-amd64)
GC Precious Log:
 CardTable entry size: 512
 Card Set container configuration: InlinePtr #cards 4 size 8 Array Of Cards #cards 16 size 48 Howl #buckets 8 coarsen threshold 3686 Howl Bitmap #cards 512 size 80 coarsen threshold 460 Card regions per heap region 1 cards per card region 4096
 CPUs: 12 total, 12 available
 Memory: 15709M
 Large Page Support: Disabled
 NUMA Support: Disabled
 Compressed Oops: Enabled (Zero based)
 Heap Region Size: 2M
 Heap Min Capacity: 8M
 Heap Initial Capacity: 8M
 Heap Max Capacity: 3928M
 Pre-touch: Disabled
 Parallel Workers: 10
 Concurrent Workers: 3
 Concurrent Refinement Workers: 10
 Periodic GC: Disabled
Heap:
 garbage-first heap   total 12288K, used 3122K [0x000000070a800000, 0x0000000800000000)
  region size 2048K, 1 young (2048K), 1 survivors (2048K)
 Metaspace       used 15548K, committed 15680K, reserved 1114112K
  class space    used 1669K, committed 1728K, reserved 1048576K
GC Heap History (17 events):
Event: 0.130 GC heap before
{Heap before GC invocations=0 (full 0):
 garbage-first heap   total 8192K, used 2048K [0x000000070a800000, 0x0000000800000000)
  region size 2048K, 1 young (2048K), 0 survivors (0K)
 Metaspace       used 6431K, committed 6592K, reserved 1114112K
  class space    used 584K, committed 640K, reserved 1048576K
}
Event: 0.132 GC heap after
{Heap after GC invocations=1 (full 0):
 garbage-first heap   total 8192K, used 800K [0x000000070a800000, 0x0000000800000000)
  region size 2048K, 1 young (2048K), 1 survivors (2048K)
 Metaspace       used 6431K, committed 6592K, reserved 1114112K
  class space    used 584K, committed 640K, reserved 1048576K
}
Event: 0.174 GC heap before
{Heap before GC invocations=1 (full 0):
 garbage-first heap   total 8192K, used 2848K [0x000000070a800000, 0x0000000800000000)
  region size 2048K, 2 young (4096K), 1 survivors (2048K)
 Metaspace       used 7403K, committed 7552K, reserved 1114112K
  class space    used 697K, committed 768K, reserved 1048576K
}
Event: 0.176 GC heap after
{Heap after GC invocations=2 (full 0):
 garbage-first heap   total 8192K, used 898K [0x000000070a800000, 0x0000000800000000)
  region size 2048K, 1 young (2048K), 1 survivors (2048K)
 Metaspace       used 7403K, committed 7552K, reserved 1114112K
  class space    used 697K, committed 768K, reserved 1048576K
}
Event: 0.218 GC heap before
{Heap before GC invocations=2 (full 0):
 garbage-first heap   total 8192K, used 898K [0x000000070a800000, 0x0000000800000000)
  region size 2048K, 2 young (4096K), 1 survivors (2048K)
 Metaspace       used 8400K, committed 8576K, reserved 1114112K
  class space    used 827K, committed 896K, reserved 1048576K
}
Event: 0.220 GC heap after
{Heap after GC invocations=3 (full 0):
 garbage-first heap   total 8192K, used 1061K [0x000000070a800000, 0x0000000800000000)
  region size 2048K, 1 young (2048K), 1 survivors (2048K)
 Metaspace       used 8400K, committed 8576K, reserved 1114112K
  class space    used 827K, committed 896K, reserved 1048576K
}
Event: 0.259 GC heap before
{Heap before GC invocations=3 (full 0):
 garbage-first heap   total 8192K, used 3109K [0x000000070a800000, 0x0000000800000000)
  region size 2048K, 2 young (4096K), 1 survivors (2048K)
 Metaspace       used 9422K, committed 9664K, reserved 1114112K
  class space    used 978K, committed 1088K, reserved 1048576K
}
Event: 0.261 GC heap after
{Heap after GC invocations=4 (full 0):
 garbage-first heap   total 8192K, used 1175K [0x000000070a800000, 0x0000000800000000)
  region size 2048K, 1 young (2048K), 1 survivors (2048K)
 Metaspace       used 9422K, committed 9664K, reserved 1114112K
  class space    used 978K, committed 1088K, reserved 1048576K
}
Event: 0.283 GC heap before
{Heap before GC invocations=4 (full 0):
 garbage-first heap   total 8192K, used 1175K [0x000000070a800000, 0x0000000800000000)
  region size 2048K, 2 young (4096K), 1 survivors (2048K)
 Metaspace       used 9951K, committed 10112K, reserved 1114112K
  class space    used 1046K, committed 1152K, reserved 1048576K
}
Event: 0.285 GC heap after
{Heap after GC invocations=5 (full 0):
 garbage-first heap   total 12288K, used 1668K [0x000000070a800000, 0x0000000800000000)
  region size 2048K, 1 young (2048K), 1 survivors (2048K)
 Metaspace       used 9951K, committed 10112K, reserved 1114112K
  class space    used 1046K, committed 1152K, reserved 1048576K
}
Event: 0.338 GC heap before
{Heap before GC invocations=5 (full 0):
 garbage-first heap   total 12288K, used 3716K [0x000000070a800000, 0x0000000800000000)
  region size 2048K, 3 young (6144K), 1 survivors (2048K)
 Metaspace       used 11140K, committed 11328K, reserved 1114112K
  class space    used 1194K, committed 1280K, reserved 1048576K
}
Event: 0.339 GC heap after
{Heap after GC invocations=6 (full 0):
 garbage-first heap   total 12288K, used 1687K [0x000000070a800000, 0x0000000800000000)
  region size 2048K, 1 young (2048K), 1 survivors (2048K)
 Metaspace       used 11140K, committed 11328K, reserved 1114112K
  class space    used 1194K, committed 1280K, reserved 1048576K
}
Event: 0.376 GC heap before
{Heap before GC invocations=6 (full 0):
 garbage-first heap   total 12288K, used 3735K [0x000000070a800000, 0x0000000800000000)
  region size 2048K, 3 young (6144K), 1 survivors (2048K)
 Metaspace       used 12263K, committed 12416K, reserved 1114112K
  class space    used 1339K, committed 1408K, reserved 1048576K
}
Event: 0.378 GC heap after
{Heap after GC invocations=7 (full 0):
 garbage-first heap   total 12288K, used 1756K [0x000000070a800000, 0x0000000800000000)
  region size 2048K, 1 young (2048K), 1 survivors (2048K)
 Metaspace       used 12263K, committed 12416K, reserved 1114112K
  class space    used 1339K, committed 1408K, reserved 1048576K
}
Event: 0.426 GC heap before
{Heap before GC invocations=7 (full 0):
 garbage-first heap   total 12288K, used 3804K [0x000000070a800000, 0x0000000800000000)
  region size 2048K, 3 young (6144K), 1 survivors (2048K)
 Metaspace       used 13460K, committed 13632K, reserved 1114112K
  class space    used 1470K, committed 1536K, reserved 1048576K
}
Event: 0.428 GC heap after
{Heap after GC invocations=8 (full 0):
 garbage-first heap   total 12288K, used 2148K [0x000000070a800000, 0x0000000800000000)
  region size 2048K, 1 young (2048K), 1 survivors (2048K)
 Metaspace       used 13460K, committed 13632K, reserved 1114112K
  class space    used 1470K, committed 1536K, reserved 1048576K
}
Event: 0.514 GC heap before
{Heap before GC invocations=8 (full 0):
 garbage-first heap   total 12288K, used 4196K [0x000000070a800000, 0x0000000800000000)
  region size 2048K, 3 young (6144K), 1 survivors (2048K)
 Metaspace       used 15548K, committed 15680K, reserved 1114112K
  class space    used 1669K, committed 1728K, reserved 1048576K
}

